<?xml version="1.0" encoding="UTF-8"?>
<testsuite name="Regression"
           tests="19"
           failures="0"
           errors="0"
           skipped="0"
           time="59.240">
  <properties />
  
  
            <testcase name="E" time="0.001" classname="Exmples.TestDemo" />
                <testcase name="E" time="0.321" classname="Exmples.TestDemo" />
                <testcase name="E" time="7.545" classname="Exmples.TestDemo" />
                <testcase name="E" time="0.467" classname="Exmples.TestDemo" />
                <testcase name="E" time="8.030" classname="Exmples.TestDemo" />
                <testcase name="E" time="9.327" classname="Exmples.TestDemo" />
                <testcase name="E" time="0.252" classname="Exmples.TestDemo" />
                <testcase name="E" time="0.289" classname="Exmples.TestDemo" />
                <testcase name="E" time="1.102" classname="Exmples.TestDemo" />
                <testcase name="E" time="8.365" classname="Exmples.TestDemo" />
                <testcase name="E" time="0.334" classname="Exmples.TestDemo" />
                <testcase name="E" time="0.710" classname="Exmples.TestDemo" />
                <testcase name="E" time="13.366" classname="Exmples.TestDemo" />
                <testcase name="E" time="0.760" classname="Exmples.TestDemo" />
                <testcase name="E" time="0.304" classname="Exmples.TestDemo" />
                <testcase name="E" time="0.417" classname="Exmples.TestDemo" />
                <testcase name="E" time="0.804" classname="Exmples.TestDemo" />
                <testcase name="E" time="6.361" classname="Exmples.TestDemo" />
                <testcase name="E" time="0.485" classname="Exmples.TestDemo" />
      
</testsuite>
