<?xml version="1.0" encoding="UTF-8"?>
<testsuite name="Regression"
           tests="13"
           failures="0"
           errors="0"
           skipped="0"
           time="210.751">
  <properties />
  
  
            <testcase name="E" time="1.228" classname="TestScript.Applicant.ApplicantTest" />
                <testcase name="E" time="0.001" classname="TestScript.Applicant.ApplicantTest" />
                <testcase name="E" time="3.501" classname="TestScript.Applicant.ApplicantTest" />
                <testcase name="E" time="5.329" classname="TestScript.Applicant.ApplicantTest" />
                <testcase name="E" time="21.367" classname="TestScript.Applicant.ApplicantTest" />
                <testcase name="E" time="1.165" classname="TestScript.Applicant.ApplicantTest" />
                <testcase name="E" time="0.001" classname="TestScript.Applicant.ApplicantTest" />
                <testcase name="E" time="23.754" classname="TestScript.Applicant.ApplicantTest" />
                <testcase name="E" time="1.414" classname="TestScript.Applicant.ApplicantTest" />
                <testcase name="E" time="5.783" classname="TestScript.Applicant.ApplicantTest" />
                <testcase name="E" time="91.526" classname="TestScript.Applicant.ApplicantTest" />
                <testcase name="E" time="2.735" classname="TestScript.Applicant.ApplicantTest" />
                <testcase name="E" time="52.947" classname="TestScript.Applicant.ApplicantTest" />
      
</testsuite>
