<?xml version="1.0" encoding="UTF-8"?>
<testsuite name="Regression"
           tests="53"
           failures="0"
           errors="0"
           skipped="0"
           time="139.786">
  <properties />
  
  
            <testcase name="RegistrationData" time="0.419" classname="TestScript.LTPRegistrationTest" />
                <testcase name="RegistrationData" time="1.047" classname="TestScript.LTPRegistrationTest" />
                <testcase name="RegistrationData" time="17.649" classname="TestScript.LTPRegistrationTest" />
                <testcase name="RegistrationData" time="0.367" classname="TestScript.LTPRegistrationTest" />
                <testcase name="RegistrationData" time="0.786" classname="TestScript.LTPRegistrationTest" />
                <testcase name="RegistrationData" time="23.741" classname="TestScript.LTPRegistrationTest" />
                <testcase name="RegistrationData" time="0.202" classname="TestScript.LTPRegistrationTest" />
                <testcase name="RegistrationData" time="0.800" classname="TestScript.LTPRegistrationTest" />
                <testcase name="RegistrationData" time="0.499" classname="TestScript.LTPRegistrationTest" />
                <testcase name="RegistrationData" time="0.383" classname="TestScript.LTPRegistrationTest" />
                <testcase name="RegistrationData" time="0.363" classname="TestScript.LTPRegistrationTest" />
                <testcase name="RegistrationData" time="0.355" classname="TestScript.LTPRegistrationTest" />
                <testcase name="RegistrationData" time="0.803" classname="TestScript.LTPRegistrationTest" />
                <testcase name="RegistrationData" time="0.461" classname="TestScript.LTPRegistrationTest" />
                <testcase name="RegistrationData" time="0.413" classname="TestScript.LTPRegistrationTest" />
                <testcase name="RegistrationData" time="0.653" classname="TestScript.LTPRegistrationTest" />
                <testcase name="RegistrationData" time="0.340" classname="TestScript.LTPRegistrationTest" />
                <testcase name="RegistrationData" time="0.424" classname="TestScript.LTPRegistrationTest" />
                <testcase name="RegistrationData" time="0.396" classname="TestScript.LTPRegistrationTest" />
                <testcase name="RegistrationData" time="0.315" classname="TestScript.LTPRegistrationTest" />
                <testcase name="RegistrationData" time="0.480" classname="TestScript.LTPRegistrationTest" />
                <testcase name="RegistrationData" time="0.446" classname="TestScript.LTPRegistrationTest" />
                <testcase name="RegistrationData" time="0.857" classname="TestScript.LTPRegistrationTest" />
                <testcase name="RegistrationData" time="0.550" classname="TestScript.LTPRegistrationTest" />
                <testcase name="RegistrationData" time="0.392" classname="TestScript.LTPRegistrationTest" />
                <testcase name="RegistrationData" time="0.298" classname="TestScript.LTPRegistrationTest" />
                <testcase name="RegistrationData" time="0.490" classname="TestScript.LTPRegistrationTest" />
                <testcase name="RegistrationData" time="0.381" classname="TestScript.LTPRegistrationTest" />
                <testcase name="RegistrationData" time="0.359" classname="TestScript.LTPRegistrationTest" />
                <testcase name="RegistrationData" time="22.929" classname="TestScript.LTPRegistrationTest" />
                <testcase name="RegistrationData" time="0.067" classname="TestScript.LTPRegistrationTest" />
                <testcase name="RegistrationData" time="0.512" classname="TestScript.LTPRegistrationTest" />
                <testcase name="RegistrationData" time="23.668" classname="TestScript.LTPRegistrationTest" />
                <testcase name="RegistrationData" time="0.319" classname="TestScript.LTPRegistrationTest" />
                <testcase name="RegistrationData" time="18.153" classname="TestScript.LTPRegistrationTest" />
                <testcase name="RegistrationData" time="0.437" classname="TestScript.LTPRegistrationTest" />
                <testcase name="RegistrationData" time="0.500" classname="TestScript.LTPRegistrationTest" />
                <testcase name="RegistrationData" time="0.410" classname="TestScript.LTPRegistrationTest" />
                <testcase name="RegistrationData" time="0.980" classname="TestScript.LTPRegistrationTest" />
                <testcase name="RegistrationData" time="0.491" classname="TestScript.LTPRegistrationTest" />
                <testcase name="RegistrationData" time="0.437" classname="TestScript.LTPRegistrationTest" />
                <testcase name="RegistrationData" time="0.609" classname="TestScript.LTPRegistrationTest" />
                <testcase name="RegistrationData" time="0.718" classname="TestScript.LTPRegistrationTest" />
                <testcase name="RegistrationData" time="0.368" classname="TestScript.LTPRegistrationTest" />
                <testcase name="RegistrationData" time="0.292" classname="TestScript.LTPRegistrationTest" />
                <testcase name="RegistrationData" time="0.424" classname="TestScript.LTPRegistrationTest" />
                <testcase name="RegistrationData" time="0.762" classname="TestScript.LTPRegistrationTest" />
                <testcase name="RegistrationData" time="0.461" classname="TestScript.LTPRegistrationTest" />
                <testcase name="RegistrationData" time="0.306" classname="TestScript.LTPRegistrationTest" />
                <testcase name="RegistrationData" time="11.335" classname="TestScript.LTPRegistrationTest" />
                <testcase name="RegistrationData" time="0.381" classname="TestScript.LTPRegistrationTest" />
                <testcase name="RegistrationData" time="0.213" classname="TestScript.LTPRegistrationTest" />
                <testcase name="RegistrationData" time="0.345" classname="TestScript.LTPRegistrationTest" />
      
</testsuite>
