<?xml version="1.0" encoding="UTF-8"?>
<testsuite name="Regression"
           tests="12"
           failures="0"
           errors="0"
           skipped="0"
           time="201.780">
  <properties />
  
  
            <testcase name="E" time="1.904" classname="TestScript.Applicant.ApplicantTest" />
                <testcase name="E" time="1.002" classname="TestScript.Applicant.ApplicantTest" />
                <testcase name="E" time="1.682" classname="TestScript.Applicant.ApplicantTest" />
                <testcase name="E" time="20.539" classname="TestScript.Applicant.ApplicantTest" />
                <testcase name="E" time="1.002" classname="TestScript.Applicant.ApplicantTest" />
                <testcase name="E" time="1.408" classname="TestScript.Applicant.ApplicantTest" />
                <testcase name="E" time="0.000" classname="TestScript.Applicant.ApplicantTest" />
                <testcase name="E" time="21.428" classname="TestScript.Applicant.ApplicantTest" />
                <testcase name="E" time="53.832" classname="TestScript.Applicant.ApplicantTest" />
                <testcase name="E" time="96.226" classname="TestScript.Applicant.ApplicantTest" />
                <testcase name="E" time="1.277" classname="TestScript.Applicant.ApplicantTest" />
                <testcase name="E" time="1.480" classname="TestScript.Applicant.ApplicantTest" />
      
</testsuite>
